# JRE version: OpenJDK Runtime Environment Temurin-17.0.1+12 (17.0.1+12) (build 17.0.1+12)
# Java VM: OpenJDK 64-Bit Server VM Temurin-17.0.1+12 (17.0.1+12, mixed mode, tiered, compressed oops, compressed class ptrs, parallel gc, windows-amd64)
GC Precious Log:
 CPUs: 4 total, 4 available
 Memory: 8077M
 Large Page Support: Disabled
 NUMA Support: Disabled
 Compressed Oops: Enabled (32-bit)
 Alignments: Space 512K, Generation 512K, Heap 2M
 Heap Min Capacity: 100M
 Heap Initial Capacity: 100M
 Heap Max Capacity: 1G
 Pre-touch: Disabled
 Parallel Workers: 4
Heap:
 PSYoungGen      total 5632K, used 2592K [0x00000000eab00000, 0x00000000eb380000, 0x0000000100000000)
  eden space 2560K, 0% used [0x00000000eab00000,0x00000000eab00000,0x00000000ead80000)
  from space 3072K, 84% used [0x00000000eb080000,0x00000000eb308000,0x00000000eb380000)
  to   space 3072K, 0% used [0x00000000ead80000,0x00000000ead80000,0x00000000eb080000)
 ParOldGen       total 147456K, used 146799K [0x00000000c0000000, 0x00000000c9000000, 0x00000000eab00000)
  object space 147456K, 99% used [0x00000000c0000000,0x00000000c8f5bde0,0x00000000c9000000)
 Metaspace       used 80635K, committed 81536K, reserved 1122304K
  class space    used 8329K, committed 8704K, reserved 1048576K
GC Heap History (20 events):
Event: 1830.292 GC heap after
{Heap after GC invocations=2579 (full 64):
 PSYoungGen      total 4096K, used 612K [0x00000000eab00000, 0x00000000eb080000, 0x0000000100000000)
  eden space 2560K, 0% used [0x00000000eab00000,0x00000000eab00000,0x00000000ead80000)
  from space 1536K, 39% used [0x00000000ead80000,0x00000000eae190a0,0x00000000eaf00000)
  to   space 1024K, 0% used [0x00000000eaf80000,0x00000000eaf80000,0x00000000eb080000)
 ParOldGen       total 147456K, used 129951K [0x00000000c0000000, 0x00000000c9000000, 0x00000000eab00000)
  object space 147456K, 88% used [0x00000000c0000000,0x00000000c7ee7e40,0x00000000c9000000)
 Metaspace       used 80584K, committed 81536K, reserved 1122304K
  class space    used 8329K, committed 8704K, reserved 1048576K
}
Event: 1830.964 GC heap before
{Heap before GC invocations=2580 (full 64):
 PSYoungGen      total 4096K, used 3168K [0x00000000eab00000, 0x00000000eb080000, 0x0000000100000000)
  eden space 2560K, 99% used [0x00000000eab00000,0x00000000ead7f048,0x00000000ead80000)
  from space 1536K, 39% used [0x00000000ead80000,0x00000000eae190a0,0x00000000eaf00000)
  to   space 1024K, 0% used [0x00000000eaf80000,0x00000000eaf80000,0x00000000eb080000)
 ParOldGen       total 147456K, used 129951K [0x00000000c0000000, 0x00000000c9000000, 0x00000000eab00000)
  object space 147456K, 88% used [0x00000000c0000000,0x00000000c7ee7e40,0x00000000c9000000)
 Metaspace       used 80597K, committed 81536K, reserved 1122304K
  class space    used 8329K, committed 8704K, reserved 1048576K
}
Event: 1830.965 GC heap after
{Heap after GC invocations=2580 (full 64):
 PSYoungGen      total 3584K, used 863K [0x00000000eab00000, 0x00000000eb080000, 0x0000000100000000)
  eden space 2560K, 0% used [0x00000000eab00000,0x00000000eab00000,0x00000000ead80000)
  from space 1024K, 84% used [0x00000000eaf80000,0x00000000eb057c98,0x00000000eb080000)
  to   space 1024K, 0% used [0x00000000eae80000,0x00000000eae80000,0x00000000eaf80000)
 ParOldGen       total 147456K, used 130147K [0x00000000c0000000, 0x00000000c9000000, 0x00000000eab00000)
  object space 147456K, 88% used [0x00000000c0000000,0x00000000c7f18ee0,0x00000000c9000000)
 Metaspace       used 80597K, committed 81536K, reserved 1122304K
  class space    used 8329K, committed 8704K, reserved 1048576K
}
Event: 1830.980 GC heap before
{Heap before GC invocations=2581 (full 64):
 PSYoungGen      total 3584K, used 3423K [0x00000000eab00000, 0x00000000eb080000, 0x0000000100000000)
  eden space 2560K, 100% used [0x00000000eab00000,0x00000000ead80000,0x00000000ead80000)
  from space 1024K, 84% used [0x00000000eaf80000,0x00000000eb057c98,0x00000000eb080000)
  to   space 1024K, 0% used [0x00000000eae80000,0x00000000eae80000,0x00000000eaf80000)
 ParOldGen       total 147456K, used 130147K [0x00000000c0000000, 0x00000000c9000000, 0x00000000eab00000)
  object space 147456K, 88% used [0x00000000c0000000,0x00000000c7f18ee0,0x00000000c9000000)
 Metaspace       used 80608K, committed 81536K, reserved 1122304K
  class space    used 8329K, committed 8704K, reserved 1048576K
}
Event: 1830.982 GC heap after
{Heap after GC invocations=2581 (full 64):
 PSYoungGen      total 3584K, used 999K [0x00000000eab00000, 0x00000000eb480000, 0x0000000100000000)
  eden space 2560K, 0% used [0x00000000eab00000,0x00000000eab00000,0x00000000ead80000)
  from space 1024K, 97% used [0x00000000eae80000,0x00000000eaf79e68,0x00000000eaf80000)
  to   space 3584K, 0% used [0x00000000eb100000,0x00000000eb100000,0x00000000eb480000)
 ParOldGen       total 147456K, used 131989K [0x00000000c0000000, 0x00000000c9000000, 0x00000000eab00000)
  object space 147456K, 89% used [0x00000000c0000000,0x00000000c80e5778,0x00000000c9000000)
 Metaspace       used 80608K, committed 81536K, reserved 1122304K
  class space    used 8329K, committed 8704K, reserved 1048576K
}
Event: 1830.991 GC heap before
{Heap before GC invocations=2582 (full 64):
 PSYoungGen      total 3584K, used 3559K [0x00000000eab00000, 0x00000000eb480000, 0x0000000100000000)
  eden space 2560K, 99% used [0x00000000eab00000,0x00000000ead7ff80,0x00000000ead80000)
  from space 1024K, 97% used [0x00000000eae80000,0x00000000eaf79e68,0x00000000eaf80000)
  to   space 3584K, 0% used [0x00000000eb100000,0x00000000eb100000,0x00000000eb480000)
 ParOldGen       total 147456K, used 131989K [0x00000000c0000000, 0x00000000c9000000, 0x00000000eab00000)
  object space 147456K, 89% used [0x00000000c0000000,0x00000000c80e5778,0x00000000c9000000)
 Metaspace       used 80608K, committed 81536K, reserved 1122304K
  class space    used 8329K, committed 8704K, reserved 1048576K
}
Event: 1830.994 GC heap after
{Heap after GC invocations=2582 (full 64):
 PSYoungGen      total 6144K, used 2585K [0x00000000eab00000, 0x00000000eb400000, 0x0000000100000000)
  eden space 3072K, 0% used [0x00000000eab00000,0x00000000eab00000,0x00000000eae00000)
  from space 3072K, 84% used [0x00000000eb100000,0x00000000eb3866b0,0x00000000eb400000)
  to   space 3072K, 0% used [0x00000000eae00000,0x00000000eae00000,0x00000000eb100000)
 ParOldGen       total 147456K, used 132993K [0x00000000c0000000, 0x00000000c9000000, 0x00000000eab00000)
  object space 147456K, 90% used [0x00000000c0000000,0x00000000c81e0760,0x00000000c9000000)
 Metaspace       used 80608K, committed 81536K, reserved 1122304K
  class space    used 8329K, committed 8704K, reserved 1048576K
}
Event: 1831.005 GC heap before
{Heap before GC invocations=2583 (full 64):
 PSYoungGen      total 6144K, used 5657K [0x00000000eab00000, 0x00000000eb400000, 0x0000000100000000)
  eden space 3072K, 100% used [0x00000000eab00000,0x00000000eae00000,0x00000000eae00000)
  from space 3072K, 84% used [0x00000000eb100000,0x00000000eb3866b0,0x00000000eb400000)
  to   space 3072K, 0% used [0x00000000eae00000,0x00000000eae00000,0x00000000eb100000)
 ParOldGen       total 147456K, used 132993K [0x00000000c0000000, 0x00000000c9000000, 0x00000000eab00000)
  object space 147456K, 90% used [0x00000000c0000000,0x00000000c81e0760,0x00000000c9000000)
 Metaspace       used 80608K, committed 81536K, reserved 1122304K
  class space    used 8329K, committed 8704K, reserved 1048576K
}
Event: 1831.008 GC heap after
{Heap after GC invocations=2583 (full 64):
 PSYoungGen      total 6144K, used 3072K [0x00000000eab00000, 0x00000000eb600000, 0x0000000100000000)
  eden space 3072K, 0% used [0x00000000eab00000,0x00000000eab00000,0x00000000eae00000)
  from space 3072K, 100% used [0x00000000eae00000,0x00000000eb100000,0x00000000eb100000)
  to   space 3584K, 0% used [0x00000000eb280000,0x00000000eb280000,0x00000000eb600000)
 ParOldGen       total 147456K, used 135539K [0x00000000c0000000, 0x00000000c9000000, 0x00000000eab00000)
  object space 147456K, 91% used [0x00000000c0000000,0x00000000c845ce10,0x00000000c9000000)
 Metaspace       used 80608K, committed 81536K, reserved 1122304K
  class space    used 8329K, committed 8704K, reserved 1048576K
}
Event: 1831.022 GC heap before
{Heap before GC invocations=2584 (full 64):
 PSYoungGen      total 6144K, used 6144K [0x00000000eab00000, 0x00000000eb600000, 0x0000000100000000)
  eden space 3072K, 100% used [0x00000000eab00000,0x00000000eae00000,0x00000000eae00000)
  from space 3072K, 100% used [0x00000000eae00000,0x00000000eb100000,0x00000000eb100000)
  to   space 3584K, 0% used [0x00000000eb280000,0x00000000eb280000,0x00000000eb600000)
 ParOldGen       total 147456K, used 135539K [0x00000000c0000000, 0x00000000c9000000, 0x00000000eab00000)
  object space 147456K, 91% used [0x00000000c0000000,0x00000000c845ce10,0x00000000c9000000)
 Metaspace       used 80609K, committed 81536K, reserved 1122304K
  class space    used 8329K, committed 8704K, reserved 1048576K
}
Event: 1831.026 GC heap after
{Heap after GC invocations=2584 (full 64):
 PSYoungGen      total 6656K, used 2528K [0x00000000eab00000, 0x00000000eb500000, 0x0000000100000000)
  eden space 4096K, 0% used [0x00000000eab00000,0x00000000eab00000,0x00000000eaf00000)
  from space 2560K, 98% used [0x00000000eb280000,0x00000000eb4f8000,0x00000000eb500000)
  to   space 3072K, 0% used [0x00000000eaf00000,0x00000000eaf00000,0x00000000eb200000)
 ParOldGen       total 147456K, used 138611K [0x00000000c0000000, 0x00000000c9000000, 0x00000000eab00000)
  object space 147456K, 94% used [0x00000000c0000000,0x00000000c875ce10,0x00000000c9000000)
 Metaspace       used 80609K, committed 81536K, reserved 1122304K
  class space    used 8329K, committed 8704K, reserved 1048576K
}
Event: 1831.595 GC heap before
{Heap before GC invocations=2585 (full 64):
 PSYoungGen      total 6656K, used 6624K [0x00000000eab00000, 0x00000000eb500000, 0x0000000100000000)
  eden space 4096K, 100% used [0x00000000eab00000,0x00000000eaf00000,0x00000000eaf00000)
  from space 2560K, 98% used [0x00000000eb280000,0x00000000eb4f8000,0x00000000eb500000)
  to   space 3072K, 0% used [0x00000000eaf00000,0x00000000eaf00000,0x00000000eb200000)
 ParOldGen       total 147456K, used 138611K [0x00000000c0000000, 0x00000000c9000000, 0x00000000eab00000)
  object space 147456K, 94% used [0x00000000c0000000,0x00000000c875ce10,0x00000000c9000000)
 Metaspace       used 80610K, committed 81536K, reserved 1122304K
  class space    used 8329K, committed 8704K, reserved 1048576K
}
Event: 1831.597 GC heap after
{Heap after GC invocations=2585 (full 64):
 PSYoungGen      total 5120K, used 627K [0x00000000eab00000, 0x00000000eb300000, 0x0000000100000000)
  eden space 4096K, 0% used [0x00000000eab00000,0x00000000eab00000,0x00000000eaf00000)
  from space 1024K, 61% used [0x00000000eaf00000,0x00000000eaf9cd48,0x00000000eb000000)
  to   space 1536K, 0% used [0x00000000eb180000,0x00000000eb180000,0x00000000eb300000)
 ParOldGen       total 147456K, used 140723K [0x00000000c0000000, 0x00000000c9000000, 0x00000000eab00000)
  object space 147456K, 95% used [0x00000000c0000000,0x00000000c896ce10,0x00000000c9000000)
 Metaspace       used 80610K, committed 81536K, reserved 1122304K
  class space    used 8329K, committed 8704K, reserved 1048576K
}
Event: 1831.630 GC heap before
{Heap before GC invocations=2586 (full 64):
 PSYoungGen      total 5120K, used 4723K [0x00000000eab00000, 0x00000000eb300000, 0x0000000100000000)
  eden space 4096K, 100% used [0x00000000eab00000,0x00000000eaf00000,0x00000000eaf00000)
  from space 1024K, 61% used [0x00000000eaf00000,0x00000000eaf9cd48,0x00000000eb000000)
  to   space 1536K, 0% used [0x00000000eb180000,0x00000000eb180000,0x00000000eb300000)
 ParOldGen       total 147456K, used 140723K [0x00000000c0000000, 0x00000000c9000000, 0x00000000eab00000)
  object space 147456K, 95% used [0x00000000c0000000,0x00000000c896ce10,0x00000000c9000000)
 Metaspace       used 80635K, committed 81536K, reserved 1122304K
  class space    used 8329K, committed 8704K, reserved 1048576K
}
Event: 1831.633 GC heap after
{Heap after GC invocations=2586 (full 64):
 PSYoungGen      total 4096K, used 1511K [0x00000000eab00000, 0x00000000eb700000, 0x0000000100000000)
  eden space 2560K, 0% used [0x00000000eab00000,0x00000000eab00000,0x00000000ead80000)
  from space 1536K, 98% used [0x00000000eb180000,0x00000000eb2f9e68,0x00000000eb300000)
  to   space 4096K, 0% used [0x00000000ead80000,0x00000000ead80000,0x00000000eb180000)
 ParOldGen       total 147456K, used 142713K [0x00000000c0000000, 0x00000000c9000000, 0x00000000eab00000)
  object space 147456K, 96% used [0x00000000c0000000,0x00000000c8b5e748,0x00000000c9000000)
 Metaspace       used 80635K, committed 81536K, reserved 1122304K
  class space    used 8329K, committed 8704K, reserved 1048576K
}
Event: 1831.644 GC heap before
{Heap before GC invocations=2587 (full 64):
 PSYoungGen      total 4096K, used 4071K [0x00000000eab00000, 0x00000000eb700000, 0x0000000100000000)
  eden space 2560K, 100% used [0x00000000eab00000,0x00000000ead80000,0x00000000ead80000)
  from space 1536K, 98% used [0x00000000eb180000,0x00000000eb2f9e68,0x00000000eb300000)
  to   space 4096K, 0% used [0x00000000ead80000,0x00000000ead80000,0x00000000eb180000)
 ParOldGen       total 147456K, used 142713K [0x00000000c0000000, 0x00000000c9000000, 0x00000000eab00000)
  object space 147456K, 96% used [0x00000000c0000000,0x00000000c8b5e748,0x00000000c9000000)
 Metaspace       used 80635K, committed 81536K, reserved 1122304K
  class space    used 8329K, committed 8704K, reserved 1048576K
}
Event: 1831.649 GC heap after
{Heap after GC invocations=2587 (full 64):
 PSYoungGen      total 5120K, used 2553K [0x00000000eab00000, 0x00000000eb380000, 0x0000000100000000)
  eden space 2560K, 0% used [0x00000000eab00000,0x00000000eab00000,0x00000000ead80000)
  from space 2560K, 99% used [0x00000000ead80000,0x00000000eaffe6b0,0x00000000eb000000)
  to   space 3072K, 0% used [0x00000000eb080000,0x00000000eb080000,0x00000000eb380000)
 ParOldGen       total 147456K, used 144237K [0x00000000c0000000, 0x00000000c9000000, 0x00000000eab00000)
  object space 147456K, 97% used [0x00000000c0000000,0x00000000c8cdb730,0x00000000c9000000)
 Metaspace       used 80635K, committed 81536K, reserved 1122304K
  class space    used 8329K, committed 8704K, reserved 1048576K
}
Event: 1831.660 GC heap before
{Heap before GC invocations=2588 (full 64):
 PSYoungGen      total 5120K, used 5113K [0x00000000eab00000, 0x00000000eb380000, 0x0000000100000000)
  eden space 2560K, 100% used [0x00000000eab00000,0x00000000ead80000,0x00000000ead80000)
  from space 2560K, 99% used [0x00000000ead80000,0x00000000eaffe6b0,0x00000000eb000000)
  to   space 3072K, 0% used [0x00000000eb080000,0x00000000eb080000,0x00000000eb380000)
 ParOldGen       total 147456K, used 144237K [0x00000000c0000000, 0x00000000c9000000, 0x00000000eab00000)
  object space 147456K, 97% used [0x00000000c0000000,0x00000000c8cdb730,0x00000000c9000000)
 Metaspace       used 80635K, committed 81536K, reserved 1122304K
  class space    used 8329K, committed 8704K, reserved 1048576K
}
Event: 1831.664 GC heap after
{Heap after GC invocations=2588 (full 64):
 PSYoungGen      total 5632K, used 2592K [0x00000000eab00000, 0x00000000eb380000, 0x0000000100000000)
  eden space 2560K, 0% used [0x00000000eab00000,0x00000000eab00000,0x00000000ead80000)
  from space 3072K, 84% used [0x00000000eb080000,0x00000000eb308000,0x00000000eb380000)
  to   space 3072K, 0% used [0x00000000ead80000,0x00000000ead80000,0x00000000eb080000)
 ParOldGen       total 147456K, used 146799K [0x00000000c0000000, 0x00000000c9000000, 0x00000000eab00000)
  object space 147456K, 99% used [0x00000000c0000000,0x00000000c8f5bde0,0x00000000c9000000)
 Metaspace       used 80635K, committed 81536K, reserved 1122304K
  class space    used 8329K, committed 8704K, reserved 1048576K
}
Event: 1831.664 GC heap before
{Heap before GC invocations=2589 (full 65):
 PSYoungGen      total 5632K, used 2592K [0x00000000eab00000, 0x00000000eb380000, 0x0000000100000000)
  eden space 2560K, 0% used [0x00000000eab00000,0x00000000eab00000,0x00000000ead80000)
  from space 3072K, 84% used [0x00000000eb080000,0x00000000eb308000,0x00000000eb380000)
  to   space 3072K, 0% used [0x00000000ead80000,0x00000000ead80000,0x00000000eb080000)
 ParOldGen       total 147456K, used 146799K [0x00000000c0000000, 0x00000000c9000000, 0x00000000eab00000)
  object space 147456K, 99% used [0x00000000c0000000,0x00000000c8f5bde0,0x00000000c9000000)
 Metaspace       used 80635K, committed 81536K, reserved 1122304K
  class space    used 8329K, committed 8704K, reserved 1048576K
}

